07:17:15  234700.6      0.00
07:17:16  297539.4      0.00
07:17:17  302389.5      0.00
07:17:18  298246.4      0.00
07:17:19  302449.4      0.00
07:17:20  299863.2      0.00
07:17:21  265071.7      0.00
07:17:22  267881.0      0.00
07:17:23  304228.1      0.00
07:17:24  306966.5      0.00
07:17:25  306687.0      0.00
07:17:26  300790.9      0.00
07:17:27  299217.0      0.00
07:17:28  303235.4      0.00
07:17:29  279199.6      0.00
07:17:30  260350.7      0.00
07:17:31  212900.2      0.00
07:17:32  166979.0      0.00
07:17:33  171589.3      0.00
07:17:34  154145.2      0.00
07:17:35  166410.9      0.00
07:17:36  165573.2      0.00
07:17:37  143032.1      0.00
07:17:38  149079.4      0.00
07:17:39  168170.0      0.00
07:17:40  150271.7      0.00
07:17:41  167037.0      0.00
07:17:42  176663.2      0.00
07:17:43  195468.1      0.00
07:17:44  154500.3      0.00
07:17:45  171588.1      0.00
07:17:46  173386.0      0.00
07:17:47  222163.8      0.00
07:17:48  288799.1      0.00
07:17:49  294315.8      0.00
07:17:50  303216.1      0.00
07:17:51  306244.8      0.00
07:17:52  306695.5      0.00
07:17:53  297016.3      0.00
07:17:54  303794.4      0.00
07:17:55  303626.4      0.00
07:17:56  302246.7      0.00
07:17:57  293694.4      0.00
07:17:58  304447.7      0.00
07:17:59  312008.7      0.00
07:18:00  305013.7      0.00
07:18:01  286974.2      0.00
07:18:02  203285.4      0.00
07:18:03  281161.0      0.00
07:18:04  195619.5      0.00
07:18:05  167058.3      0.00
07:18:06  210606.5      0.00
07:18:07  177474.8      0.00
07:18:08  163940.8      0.00
07:18:09  180494.7      0.00
07:18:10  176185.4      0.00
07:18:11  212102.9      0.00
07:18:12  166365.6      0.00
07:18:13  155098.5      0.00
07:18:14  152032.1      0.00
07:18:15  171882.6      0.00
07:18:16  145852.5      0.00
07:18:17  157473.2      0.00
07:18:18  182487.2      0.00
07:18:19  293345.1      0.00
07:18:20  290741.3      0.00
07:18:21  289763.7      0.00
07:18:22  289461.4      0.00
07:18:23  285883.0      0.00
07:18:24  287076.0      0.00
07:18:25  287137.3      0.00
07:18:26  295456.8      0.00
07:18:27  296138.7      0.00
07:18:28  291360.9      0.00
07:18:29  298817.2      0.00
07:18:30  299856.5      0.00
07:18:31  291788.3      0.00
07:18:32  288888.8      0.00
07:18:33  281938.4      0.00
07:18:34  264837.9      0.00
07:18:35  166943.3      0.00
07:18:36  165104.8      0.00
07:18:37  150302.6      0.00
07:18:38  152197.3      0.00
07:18:39  167619.8      0.00
07:18:40  169624.0      0.00
07:18:41  167995.6      0.00
07:18:42  173674.3      0.00
07:18:43  181536.4      0.00
07:18:44  191403.4      0.00
07:18:45  239846.3      0.00
07:18:46  256255.2      0.00
07:18:47  146910.6      0.00
07:18:48  162678.0      0.00
07:18:49  145465.7      0.00
07:18:50  156926.9      0.00
07:18:51  149254.7      0.00
07:18:52  151719.1      0.00
07:18:53  143930.6      0.00
07:18:54  151119.5      0.00
07:18:55  161327.2      0.00
07:18:56  169810.1      0.00
07:18:57  178261.5      0.00
07:18:58  293028.0      0.00
07:18:59  293110.7      0.00
07:19:00  296292.0      0.00
07:19:01  289446.4      0.00
07:19:02  296257.4      0.00
07:19:03  300845.8      0.00
07:19:04  303534.6      0.00
07:19:05  246834.7      0.00
07:19:06  227184.7      0.00
07:19:07  214411.6      0.00
07:19:08  164757.7      0.00
07:19:09  163205.7      0.00
07:19:10  187555.9      0.00
07:19:11  260882.1      0.00
07:19:12  236657.7      0.00
07:19:13  143595.6      0.00
07:19:14  173395.5      0.00
07:19:15  179578.5      0.00
07:19:16  169302.6      0.00
07:19:17  217204.3      0.00
07:19:18  204336.6      0.00
07:19:19  121561.0      0.00
07:19:20  142595.1      0.00
07:19:21  129658.1      0.00
07:19:22  159798.0      0.00
07:19:23  152273.6      0.00
07:19:24  227568.1      0.00
07:19:25  287782.4      0.00
07:19:26  304689.1      0.00
07:19:27  304526.7      0.00
07:19:28  299692.6      0.00
07:19:29  306769.5      0.00
07:19:30  306088.5      0.00
07:19:31  290382.8      0.00
07:19:32  273630.1      0.00
07:19:33  291702.1      0.00
07:19:34  151709.3      0.00
07:19:35  205327.4      0.00
07:19:36  192956.0      0.00
07:19:37  154644.0      0.00
07:19:38  157499.9      0.00
07:19:39  151903.3      0.00
07:19:40  153029.5      0.00
07:19:41  160697.8      0.00
07:19:42  152857.2      0.00
07:19:43  155121.9      0.00
07:19:44  44844.82      0.00
07:19:45  42756.00      0.00
07:19:46  115248.4      0.00
07:19:47  171778.4      0.00
07:19:48  131367.3      0.00
07:19:49  112701.0      0.00
07:19:50  119331.1      0.00
07:19:51  115692.3      0.00
07:19:52  127714.6      0.00
07:19:53  122333.2      0.00