  Time           eno3       
HH:MM:SS   KB/s in  KB/s out
13:33:36   1219.87      0.00
13:33:37   1220.42      0.00
13:33:38   1221.69      0.00
13:33:39   1219.78      0.00
13:33:40   1221.65      0.00
13:33:41   1219.45      0.00
13:33:42   1221.93      0.00
13:33:43   1219.63      0.00
13:33:44   1221.27      0.00
13:33:45   1220.10      0.00
13:33:46   1221.78      0.00
13:33:47   1220.63      0.00
13:33:48   1219.96      0.00
13:33:49   1220.98      0.00
13:33:50   1221.52      0.00
13:33:51   1220.59      0.00
13:33:52   1220.04      0.00
13:33:53   1221.60      0.00
13:33:54   1220.55      0.00
13:33:55   1219.74      0.00
13:33:56   1220.63      0.00
13:33:57   1221.61      0.00
13:33:58   1220.86      0.00
13:33:59   1220.57      0.00
13:34:00   1219.76      0.00
13:34:01   1221.96      0.00
13:34:02   1220.74      0.00
13:34:03   1220.38      0.00
13:34:04   1220.98      0.00
13:34:05   1220.33      0.00
13:34:06   1221.12      0.00
13:34:07   1220.59      0.00
13:34:08   1220.65      0.00
13:34:09   1219.81      0.00
13:34:10   1221.20      0.00
13:34:11   1220.54      0.00
13:34:12   1221.16      0.00
13:34:13   1220.14      0.00
13:34:14   1221.46      0.00
13:34:15   1219.55      0.00
13:34:16   1220.48      0.00
13:34:17   1221.87      0.00
13:34:18   1220.45      0.00
13:34:19   1221.49      0.00
13:34:20   1219.60      0.00
13:34:21   1221.38      0.00
13:34:22   1220.42      0.00
13:34:23   1221.25      0.00
13:34:24   1220.11      0.00
13:34:25   1220.47      0.00
13:34:26   1220.74      0.00
13:34:27   1220.90      0.00
13:34:28   1221.30      0.00
13:34:29   1220.70      0.00
13:34:30   1220.79      0.00
13:34:31   1220.60      0.00
13:34:32   1219.96      0.00
13:34:33   1221.24      0.00
13:34:34   1219.64      0.00
13:34:35   1220.85      0.00
13:34:36   1221.41      0.00
13:34:37   1219.92      0.00
13:34:38   1222.07      0.00
13:34:39   1220.33      0.00
13:34:40   1219.88      0.00
13:34:41   1221.70      0.00
13:34:42   1220.89      0.00
13:34:43   1220.58      0.00
13:34:44   1220.52      0.00
13:34:45   1220.15      0.00
13:34:46   1220.89      0.00
13:34:47   1221.23      0.00
13:34:48   1220.74      0.00
13:34:49   1220.61      0.00
13:34:50   1220.66      0.00
13:34:51   1220.86      0.00
13:34:52   1219.73      0.00
13:34:53   1221.14      0.00
13:34:54   1220.72      0.00
13:34:55   1220.16      0.00
13:34:56   1221.58      0.00
13:34:57   1220.37      0.00
13:34:58   1220.83      0.00
13:34:59   1221.33      0.00
13:35:00   1219.62      0.00
13:35:01   1221.89      0.00
13:35:02   1220.47      0.00
13:35:03   1220.71      0.00
13:35:04   1220.40      0.00
13:35:05   1220.16      0.00
13:35:06   1221.18      0.00
13:35:07   1221.34      0.00
13:35:08   1219.29      0.00
13:35:09   1220.73      0.00
13:35:10   1221.10      0.00
13:35:11   1221.53      0.00
13:35:12   1220.71      0.00
13:35:13   1219.89      0.00
13:35:14   1221.43      0.00
13:35:15   1219.76      0.00
13:35:16   1221.26      0.00
13:35:17   1221.01      0.00
13:35:18   1220.38      0.00
13:35:19   1221.39      0.00
13:35:20   1219.55      0.00
13:35:21   1221.11      0.00
13:35:22   1220.78      0.00
13:35:23   1220.60      0.00
13:35:24   1221.59      0.00
13:35:25   1220.39      0.00
13:35:26   1220.84      0.00
13:35:27   1219.73      0.00
13:35:28   1221.53      0.00
13:35:29   1221.07      0.00
13:35:30   1220.53      0.00
13:35:31   1219.70      0.00
13:35:32   1221.92      0.00
13:35:33   1219.64      0.00
13:35:34   1220.45      0.00
13:35:35   1220.72      0.00
13:35:36   1220.90      0.00
13:35:37   1221.08      0.00
13:35:38   1221.21      0.00
13:35:39   1219.56      0.00
13:35:40   1221.71      0.00
13:35:41   1219.85      0.00
13:35:42   1221.18      0.00
13:35:43   1220.91      0.00
13:35:44   1221.10      0.00
13:35:45   1220.53      0.00
13:35:46   1220.29      0.00
13:35:47   1220.69      0.00
13:35:48   1221.42      0.00
13:35:49   1220.49      0.00
13:35:50   1220.17      0.00
13:35:51   1220.47      0.00
13:35:52   1221.92      0.00
13:35:53   1219.60      0.00
13:35:54   1220.50      0.00
13:35:55   1222.02      0.00
13:35:56   1219.83      0.00
13:35:57   1221.42      0.00
13:35:58   1220.65      0.00
13:35:59   1220.05      0.00
13:36:00   1221.40      0.00
13:36:01   1220.90      0.00
13:36:02   1220.30      0.00
13:36:03   1220.98      0.00
13:36:04   1219.74      0.00
13:36:05   1220.88      0.00
13:36:06   1220.25      0.00
13:36:07   1221.40      0.00
13:36:08   1221.31      0.00
13:36:09   1219.90      0.00
13:36:10   1220.25      0.00
13:36:11   1221.01      0.00
13:36:12   1220.67      0.00
13:36:13   1221.75      0.00
13:36:14   1219.97      0.00
13:36:15   1221.37      0.00
13:36:16   1220.51      0.00
13:36:17   1220.67      0.00
13:36:18   1220.03      0.00
13:36:19   1221.43      0.00
13:36:20   1220.05      0.00
13:36:21   1220.97      0.00
13:36:22   1221.40      0.00
13:36:23   1220.14      0.00
13:36:24   1220.96      0.00
13:36:25   1220.00      0.00
13:36:26   1221.16      0.00
13:36:27   1220.78      0.00
13:36:28   1221.40      0.00
13:36:29   1220.38      0.00
13:36:30   1220.25      0.00
13:36:31   1220.84      0.00
13:36:32   1221.02      0.00
13:36:33   1220.61      0.00
13:36:34   1220.97      0.00
13:36:35   1220.43      0.00
13:36:36   1219.77      0.00
13:36:37   1221.52      0.00
13:36:38   1219.97      0.00
13:36:39   1220.63      0.00
13:36:40   1221.28      0.00
13:36:41   1220.70      0.00
13:36:42   1220.90      0.00
13:36:43   1220.93      0.00
13:36:44   1220.88      0.00
13:36:45   1220.11      0.00
13:36:46   1220.84      0.00
13:36:47   1221.19      0.00
13:36:48   1219.51      0.00
13:36:49   1221.71      0.00
13:36:50   1221.10      0.00
13:36:51   1220.36      0.00
13:36:52   1220.64      0.00
13:36:53   1219.83      0.00
13:36:54   1221.51      0.00
13:36:55   1220.68      0.00
13:36:56   1221.41      0.00
13:36:57   1220.07      0.00
13:36:58   1220.66      0.00
13:36:59   1221.21      0.00
13:37:00   1220.02      0.00
13:37:01   1221.17      0.00
13:37:02   1220.18      0.00
13:37:03   1221.32      0.00
13:37:04   1219.76      0.00
13:37:05   1220.51      0.00
13:37:06   1221.71      0.00
13:37:07   1220.54      0.00
13:37:08   1221.02      0.00
13:37:09   1220.80      0.00
13:37:10   1219.63      0.00
13:37:11   1221.44      0.00
13:37:12   1219.82      0.00
13:37:13   1221.22      0.00
13:37:14   1220.11      0.00
13:37:15   1221.58      0.00
13:37:16   1221.06      0.00
13:37:17   1220.76      0.00
13:37:18   1219.82      0.00
13:37:19   1221.53      0.00
13:37:20   1220.74      0.00
13:37:21   1220.72      0.00
13:37:22   1220.77      0.00
13:37:23   1220.73      0.00
13:37:24   1220.03      0.00
13:37:25   1220.76      0.00
13:37:26   1221.51      0.00
13:37:27   1220.05      0.00
13:37:28   1220.87      0.00
13:37:29   1220.99      0.00
13:37:30   1219.94      0.00
13:37:31   1221.42      0.00
13:37:32   1220.67      0.00
13:37:33   1220.77      0.00
13:37:34   1220.05      0.00
13:37:35   1220.26      0.00
13:37:36   1221.19      0.00
13:37:37   1221.19      0.00
13:37:38   1220.16      0.00
13:37:39   1221.60      0.00
13:37:40   1219.98      0.00
13:37:41   1220.65      0.00
13:37:42   1220.97      0.00
13:37:43   1220.46      0.00
13:37:44   1221.56      0.00
13:37:45   1220.46      0.00
13:37:46   1220.81      0.00
13:37:47   1220.30      0.00
13:37:48   1220.98      0.00
13:37:49   1220.57      0.00
13:37:50   1221.06      0.00
13:37:51   1219.95      0.00
13:37:52   1220.74      0.00
13:37:53   1220.40      0.00
13:37:54   1221.46      0.00
13:37:55   1221.01      0.00
13:37:56   1220.81      0.00
13:37:57   1220.04      0.00
13:37:58   1220.95      0.00
13:37:59   1220.97      0.00
13:38:00   1220.09      0.00
13:38:01   1221.02      0.00
13:38:02   1221.14      0.00
13:38:03   1220.89      0.00
13:38:04   1219.46      0.00
13:38:05   1220.91      0.00
13:38:06   1221.74      0.00
13:38:07   1219.76      0.00
13:38:08   1220.70      0.00
13:38:09   1221.14      0.00
13:38:10   1221.16      0.00
13:38:11   1220.73      0.00
13:38:12   1220.71      0.00
13:38:13   1220.26      0.00
13:38:14   1219.97      0.00
13:38:15   1220.51      0.00
13:38:16   1221.36      0.00
13:38:17   1220.58      0.00
13:38:18   1220.57      0.00
13:38:19   1221.26      0.00
13:38:20   1220.41      0.00
13:38:21   1220.36      0.00
13:38:22   1221.74      0.00
13:38:23   1220.71      0.00
13:38:24   1220.16      0.00
13:38:25   1221.13      0.00
13:38:26   1220.44      0.00
13:38:27   1220.08      0.00
13:38:28   1221.59      0.00
13:38:29   1220.90      0.00
13:38:30   1220.90      0.00
13:38:31   1220.40      0.00
13:38:32   1134.36      0.42
