  Time           eno3       
HH:MM:SS   KB/s in  KB/s out
10:58:42  12206.15      0.00
10:58:43  12206.87      0.00
10:58:44  12208.09      0.00
10:58:45  12206.52      0.00
10:58:46  12206.31      0.00
10:58:47  12207.15      0.00
10:58:48  12207.62      0.00
10:58:49  12207.71      0.00
10:58:50  12206.46      0.00
10:58:51  12207.42      0.00
10:58:52  12206.43      0.00
10:58:53  12207.40      0.00
10:58:54  12206.51      0.00
10:58:55  12206.69      0.00
10:58:56  12207.73      0.00
10:58:57  12206.23      0.00
10:58:58  12206.80      0.00
10:58:59  12207.30      0.00
10:59:00  12208.23      0.00
10:59:01  12205.86      0.00
10:59:02  12207.43      0.00
10:59:03  12207.66      0.00
10:59:04  12206.54      0.00
10:59:05  12206.46      0.00
10:59:06  12206.88      0.00
10:59:07  12208.03      0.00
10:59:08  12206.56      0.00
10:59:09  12208.00      0.00
10:59:10  12206.54      0.00
10:59:11  12207.51      0.00
10:59:12  12206.22      0.00
10:59:13  12206.45      0.00
10:59:14  12207.22      0.00
10:59:15  12208.20      0.00
10:59:16  12206.79      0.00
10:59:17  12206.33      0.00
10:59:18  12208.02      0.00
10:59:19  12205.74      0.00
10:59:20  12208.37      0.00
10:59:21  12205.86      0.00
10:59:22  12208.46      0.00
10:59:23  12205.74      0.00
10:59:24  12207.72      0.00
10:59:25  12207.68      0.00
10:59:26  12207.12      0.00
10:59:27  12206.58      0.00
10:59:28  12207.36      0.00
10:59:29  12205.90      0.00
10:59:30  12207.90      0.00
10:59:31  12206.59      0.00
10:59:32  12206.90      0.00
10:59:33  12207.15      0.00
10:59:34  12207.25      0.00
10:59:35  12207.11      0.00
10:59:36  12206.37      0.00
10:59:37  12207.02      0.00
10:59:38  12207.68      0.00
10:59:39  12206.09      0.00
10:59:40  12207.46      0.00
10:59:41  12207.24      0.00
10:59:42  12206.91      0.00
10:59:43  12207.43      0.00
10:59:44  12207.57      0.00
10:59:45  12206.41      0.00
10:59:46  12208.00      0.00
10:59:47  12206.00      0.00
10:59:48  12207.58      0.00
10:59:49  12207.41      0.00
10:59:50  12205.73      0.00
10:59:51  12207.23      0.00
10:59:52  12208.21      0.00
10:59:53  12205.62      0.00
10:59:54  12207.39      0.00
10:59:55  12206.93      0.00
10:59:56  12206.78      0.00
10:59:57  12208.49      0.00
10:59:58  12206.96      0.00
10:59:59  12205.70      0.00
11:00:00  12207.63      0.00
11:00:01  12206.83      0.00
11:00:02  12207.24      0.00
11:00:03  12207.21      0.00
11:00:04  12206.97      0.00
11:00:05  12206.68      0.00
11:00:06  12206.90      0.00
11:00:07  12207.18      0.00
11:00:08  12206.70      0.00
11:00:09  12207.24      0.00
11:00:10  12206.65      0.00
11:00:11  12207.78      0.00
11:00:12  12206.93      0.00
11:00:13  12207.63      0.00
11:00:14  12205.79      0.00
11:00:15  12207.57      0.00
11:00:16  12207.02      0.00
11:00:17  12207.90      0.00
11:00:18  12205.81      0.00
11:00:19  12208.37      0.00
11:00:20  12206.35      0.00
11:00:21  12206.60      0.00
11:00:22  12207.00      0.00
11:00:23  12208.03      0.00
11:00:24  12207.30      0.00
11:00:25  12206.97      0.00
11:00:26  12206.27      0.00
11:00:27  12206.41      0.00
11:00:28  12207.06      0.00
11:00:29  12208.42      0.00
11:00:30  12206.66      0.00
11:00:31  12207.42      0.00
11:00:32  12206.75      0.00
11:00:33  12207.15      0.00
11:00:34  12207.22      0.00
11:00:35  12206.76      0.00
11:00:36  12206.74      0.00
11:00:37  12206.21      0.00
11:00:38  12208.01      0.00
11:00:39  12207.31      0.00
11:00:40  12205.86      0.00
11:00:41  12207.13      0.00
11:00:42  12207.64      0.00
11:00:43  12207.15      0.00
11:00:44  12206.07      0.00
11:00:45  12207.81      0.00
11:00:46  12207.50      0.00
11:00:47  12206.37      0.00
11:00:48  12208.05      0.00
11:00:49  12205.85      0.00
11:00:50  12207.26      0.00
11:00:51  12206.78      0.00
11:00:52  12207.62      0.00
11:00:53  12207.17      0.00
11:00:54  12206.98      0.00
11:00:55  12206.54      0.00
11:00:56  12206.94      0.00
11:00:57  12208.05      0.00
11:00:58  12206.60      0.00
11:00:59  12206.90      0.00
11:01:00  12206.56      0.00
11:01:01  12207.22      0.00
11:01:02  12207.76      0.00
11:01:03  12206.68      0.00
11:01:04  12206.35      0.00
11:01:05  12206.83      0.00
11:01:06  12207.74      0.00
11:01:07  12207.03      0.00
11:01:08  12207.04      0.00
11:01:09  12207.43      0.00
11:01:10  12206.84      0.00
11:01:11  12206.14      0.00
11:01:12  12208.35      0.00
11:01:13  12206.41      0.00
11:01:14  12206.27      0.00
11:01:15  12207.17      0.00
11:01:16  12207.84      0.00
11:01:17  12207.44      0.00
11:01:18  12207.38      0.00
11:01:19  12205.94      0.00
11:01:20  12208.19      0.00
11:01:21  12206.00      0.00
11:01:22  12207.67      0.00
11:01:23  12206.46      0.00
11:01:24  12207.76      0.00
11:01:25  12207.20      0.00
11:01:26  12206.58      0.00
11:01:27  12206.53      0.00
11:01:28  12207.54      0.00
11:01:29  12207.30      0.00
11:01:30  12205.74      0.00
11:01:31  12207.71      0.00
11:01:32  12206.09      0.00
11:01:33  12207.81      0.00
11:01:34  12206.78      0.00
11:01:35  12207.07      0.00
11:01:36  12207.25      0.00
11:01:37  12207.86      0.00
11:01:38  12205.79      0.00
11:01:39  12207.89      0.00
11:01:40  12206.68      0.00
11:01:41  12207.62      0.00
11:01:42  12207.16      0.00
11:01:43  12205.82      0.00
11:01:44  12207.71      0.00
11:01:45  12206.48      0.00
11:01:46  12207.85      0.00
11:01:47  12206.36      0.00
11:01:48  12207.91      0.00
11:01:49  12207.46      0.00
11:01:50  12206.43      0.00
11:01:51  12207.32      0.00
11:01:52  12207.41      0.00
11:01:53  12206.73      0.00
11:01:54  12207.41      0.00
11:01:55  12206.09      0.00
11:01:56  12207.78      0.00
11:01:57  12206.18      0.00
11:01:58  12207.97      0.00
11:01:59  12206.26      0.00
11:02:00  12206.72      0.00
11:02:01  12207.91      0.00
11:02:02  12205.83      0.00
11:02:03  12207.50      0.00
11:02:04  12206.51      0.00
11:02:05  12207.96      0.00
11:02:06  12207.10      0.00
11:02:07  12206.81      0.00
11:02:08  12206.72      0.00
11:02:09  12207.55      0.00
11:02:10  12207.18      0.00
11:02:11  12206.01      0.00
11:02:12  12207.06      0.00
11:02:13  12208.05      0.00
11:02:14  12206.93      0.00
11:02:15  12206.73      0.00
11:02:16  12207.92      0.00
11:02:17  12206.36      0.00
11:02:18  12207.61      0.00
11:02:19  12206.74      0.00
11:02:20  12206.30      0.00
11:02:21  12206.95      0.00
11:02:22  12207.58      0.00
11:02:23  12206.22      0.00
11:02:24  12207.74      0.00
11:02:25  12206.98      0.00
11:02:26  12207.86      0.00
11:02:27  12205.64      0.00
11:02:28  12207.87      0.00
11:02:29  12207.47      0.00
11:02:30  12206.96      0.00
11:02:31  12207.00      0.00
11:02:32  12207.11      0.00
11:02:33  12206.11      0.00
11:02:34  12208.17      0.00
11:02:35  12206.84      0.00
11:02:36  12207.11      0.00
11:02:37  12206.10      0.00
11:02:38  12207.84      0.00
11:02:39  12206.53      0.00
11:02:40  12206.92      0.00
11:02:41  12206.35      0.00
11:02:42  12207.28      0.00
11:02:43  12207.77      0.00
11:02:44  12207.32      0.00
11:02:45  12206.86      0.00
11:02:46  12207.13      0.00
11:02:47  12206.86      0.00
11:02:48  12207.28      0.00
11:02:49  12207.11      0.00
11:02:50  12206.01      0.00
11:02:51  12207.91      0.00
11:02:52  12206.66      0.00
11:02:53  12206.58      0.00
11:02:54  12208.38      0.00
11:02:55  12206.44      0.00
11:02:56  12206.92      0.00
11:02:57  12206.93      0.00
11:02:58  12207.01      0.00
11:02:59  12206.61      0.00
11:03:00  12207.30      0.00
11:03:01  12206.69      0.00
11:03:02  12208.33      0.00
11:03:03  12206.25      0.00
11:03:04  12207.13      0.00
11:03:05  12206.28      0.00
11:03:06  12207.60      0.00
11:03:07  12206.80      0.00
11:03:08  12207.48      0.00
11:03:09  12206.86      0.00
11:03:10  12206.94      0.00
11:03:11  12207.09      0.00
11:03:12  12207.58      0.00
11:03:13  12206.92      0.00
11:03:14  12206.23      0.00
11:03:15  12206.63      0.00
11:03:16  12207.80      0.00
11:03:17  12207.16      0.00
11:03:18  12206.92      0.00
11:03:19  12207.39      0.00
11:03:20  12207.43      0.00
11:03:21  12206.50      0.00
11:03:22  12206.97      0.00
11:03:23  12207.58      0.00
11:03:24  12206.46      0.00
11:03:25  12207.33      0.00
11:03:26  12207.72      0.00
11:03:27  12206.39      0.00
11:03:28  12206.81      0.00
11:03:29  12206.75      0.00
11:03:30  12207.62      0.00
11:03:31  12206.13      0.00
11:03:32  12207.70      0.00
11:03:33  12206.79      0.00
11:03:34  12207.25      0.00
11:03:35  12207.21      0.00
11:03:36  12206.95      0.00
11:03:37  12207.67      0.00
11:03:38  11343.53      0.42
