  Time           eno3       
HH:MM:SS   KB/s in  KB/s out
16:49:19  12207.35      0.00
16:49:20  12206.84      0.00
16:49:21  12206.46      0.00
16:49:22  12208.08      0.00
16:49:23  12206.13      0.00
16:49:24  12206.87      0.00
16:49:25  12207.29      0.00
16:49:26  12207.42      0.00
16:49:27  12206.62      0.00
16:49:28  12207.04      0.00
16:49:29  12208.11      0.00
16:49:30  12205.85      0.00
16:49:31  12207.03      0.00
16:49:32  12208.09      0.00
16:49:33  12206.38      0.00
16:49:34  12207.64      0.00
16:49:35  12206.49      0.00
16:49:36  12206.62      0.00
16:49:37  12207.61      0.00
16:49:38  12206.36      0.00
16:49:39  12207.46      0.00
16:49:40  12206.66      0.00
16:49:41  12207.09      0.00
16:49:42  12207.01      0.00
16:49:43  12206.62      0.00
16:49:44  12208.02      0.00
16:49:45  12206.79      0.00
16:49:46  12207.37      0.00
16:49:47  12207.13      0.00
16:49:48  12207.15      0.00
16:49:49  12207.06      0.00
16:49:50  12206.26      0.00
16:49:51  12207.34      0.00
16:49:52  12207.54      0.00
16:49:53  12206.31      0.00
16:49:54  12207.44      0.00
16:49:55  12206.74      0.00
16:49:56  12207.41      0.00
16:49:57  12206.54      0.00
16:49:58  12207.03      0.00
16:49:59  12207.55      0.00
16:50:00  12207.28      0.00
16:50:01  12207.31      0.00
16:50:02  12206.11      0.00
16:50:03  12207.02      0.00
16:50:04  12206.54      0.00
16:50:05  12207.06      0.00
16:50:06  12207.28      0.00
16:50:07  12207.52      0.00
16:50:08  12206.56      0.00
16:50:09  12206.78      0.00
16:50:10  12208.42      0.00
16:50:11  12206.27      0.00
16:50:12  12207.03      0.00
16:50:13  12207.67      0.00
16:50:14  12206.76      0.00
16:50:15  12206.88      0.00
16:50:16  12206.10      0.00
16:50:17  12208.16      0.00
16:50:18  12207.37      0.00
16:50:19  12206.60      0.00
16:50:20  12207.45      0.00
16:50:21  12205.88      0.00
16:50:22  12207.52      0.00
16:50:23  12206.93      0.00
16:50:24  12207.88      0.00
16:50:25  12206.47      0.00
16:50:26  12207.29      0.00
16:50:27  12207.11      0.00
16:50:28  12206.33      0.00
16:50:29  12206.77      0.00
16:50:30  12206.97      0.00
16:50:31  12207.10      0.00
16:50:32  12208.36      0.00
16:50:33  12206.39      0.00
16:50:34  12206.77      0.00
16:50:35  12207.94      0.00
16:50:36  12206.51      0.00
16:50:37  12207.07      0.00
16:50:38  12206.21      0.00
16:50:39  12207.82      0.00
16:50:40  12206.41      0.00
16:50:41  12207.63      0.00
16:50:42  12206.39      0.00
16:50:43  12207.26      0.00
16:50:44  12206.82      0.00
16:50:45  12206.99      0.00
16:50:46  12207.46      0.00
16:50:47  12207.36      0.00
16:50:48  12207.45      0.00
16:50:49  12205.73      0.00
16:50:50  12207.66      0.00
16:50:51  12207.16      0.00
16:50:52  12207.79      0.00
16:50:53  12206.48      0.00
16:50:54  12206.46      0.00
16:50:55  12207.98      0.00
16:50:56  12206.71      0.00
16:50:57  12206.24      0.00
16:50:58  12208.11      0.00
16:50:59  12207.03      0.00
16:51:01  12206.14      0.00
16:51:02  12208.04      0.00
16:51:03  12207.14      0.00
16:51:04  12206.12      0.00
16:51:05  12207.38      0.00
16:51:06  12207.41      0.00
16:51:07  12206.68      0.00
16:51:08  12206.17      0.00
16:51:09  12207.60      0.00
16:51:10  12206.71      0.00
16:51:11  12207.26      0.00
16:51:12  12206.64      0.00
16:51:13  12207.63      0.00
16:51:14  12206.91      0.00
16:51:15  12206.67      0.00
16:51:16  12207.78      0.00
16:51:17  12206.78      0.00
16:51:18  12207.59      0.00
16:51:19  12206.06      0.00
16:51:20  12207.26      0.00
16:51:21  12207.09      0.00
16:51:22  12206.43      0.00
16:51:23  12207.40      0.00
16:51:24  12207.75      0.00
16:51:25  12206.77      0.00
16:51:26  12207.69      0.00
16:51:27  12205.66      0.00
16:51:28  12208.09      0.00
16:51:29  12206.49      0.00
16:51:30  12207.82      0.00
16:51:31  12206.13      0.00
16:51:32  12206.89      0.00
16:51:33  12207.37      0.00
16:51:34  12207.61      0.00
16:51:35  12206.71      0.00
16:51:36  12206.81      0.00
16:51:37  12207.39      0.00
16:51:38  12207.49      0.00
16:51:39  12205.97      0.00
16:51:40  12207.13      0.00
16:51:41  12207.74      0.00
16:51:42  12206.32      0.00
16:51:43  12207.00      0.00
16:51:44  12207.52      0.00
16:51:45  12206.71      0.00
16:51:46  12206.77      0.00
16:51:47  12207.80      0.00
16:51:48  12206.10      0.00
16:51:49  12208.28      0.00
16:51:50  12206.51      0.00
16:51:51  12206.20      0.00
16:51:52  12208.03      0.00
16:51:53  12206.86      0.00
16:51:54  12206.77      0.00
16:51:55  12207.43      0.00
16:51:56  12207.52      0.00
16:51:57  12206.91      0.00
16:51:58  12206.02      0.00
16:51:59  12208.38      0.00
16:52:00  12206.80      0.00
16:52:01  12206.53      0.00
16:52:02  12206.56      0.00
16:52:03  12206.93      0.00
16:52:04  12208.22      0.00
16:52:05  12206.54      0.00
16:52:06  12207.50      0.00
16:52:07  12206.85      0.00
16:52:08  12206.56      0.00
16:52:09  12207.05      0.00
16:52:10  12207.79      0.00
16:52:11  12207.05      0.00
16:52:12  12206.81      0.00
16:52:13  12206.96      0.00
16:52:14  12205.97      0.00
16:52:15  12207.20      0.00
16:52:16  12206.98      0.00
16:52:17  12207.90      0.00
16:52:18  12206.58      0.00
16:52:19  12207.25      0.00
16:52:20  12207.22      0.00
16:52:21  12206.45      0.00
16:52:22  12206.66      0.00
16:52:23  12208.12      0.00
16:52:24  12206.74      0.00
16:52:25  12206.70      0.00
16:52:26  12207.92      0.00
16:52:27  12206.90      0.00
16:52:28  12207.23      0.00
16:52:29  12206.96      0.00
16:52:30  12205.83      0.00
16:52:31  12207.76      0.00
16:52:32  12206.66      0.00
16:52:33  12207.02      0.00
16:52:34  12207.24      0.00
16:52:35  12207.31      0.00
16:52:36  12206.44      0.00
16:52:37  12207.31      0.00
16:52:38  12206.93      0.00
16:52:39  12207.64      0.00
16:52:40  12207.47      0.00
16:52:41  12205.66      0.00
16:52:42  12207.67      0.00
16:52:43  12206.32      0.00
16:52:44  12207.96      0.00
16:52:45  12206.66      0.00
16:52:46  12207.36      0.00
16:52:47  12207.21      0.00
16:52:48  12206.49      0.00
16:52:49  12206.48      0.00
16:52:50  12207.33      0.00
16:52:51  12207.37      0.00
16:52:52  12207.78      0.00
16:52:53  12206.02      0.00
16:52:54  12208.19      0.00
16:52:55  12206.20      0.00
16:52:56  12206.87      0.00
16:52:57  12207.59      0.00
16:52:58  12206.82      0.00
16:52:59  12207.23      0.00
16:53:00  12207.39      0.00
16:53:01  12206.76      0.00
16:53:02  12207.02      0.00
16:53:03  12207.23      0.00
16:53:04  12206.98      0.00
16:53:05  12207.01      0.00
16:53:06  12205.94      0.00
16:53:07  12208.42      0.00
16:53:08  12205.96      0.00
16:53:09  12207.45      0.00
16:53:10  12207.48      0.00
16:53:11  12206.99      0.00
16:53:12  12206.78      0.00
16:53:13  12207.30      0.00
16:53:14  12207.21      0.00
16:53:15  12206.25      0.00
16:53:16  12207.45      0.00
16:53:17  12206.70      0.00
16:53:18  12207.13      0.00
16:53:19  12206.01      0.00
16:53:20  12207.98      0.00
16:53:21  12207.71      0.00
16:53:22  12205.97      0.00
16:53:23  12207.43      0.00
16:53:24  12207.73      0.00
16:53:25  12206.60      0.00
16:53:26  12207.34      0.00
16:53:27  12206.75      0.00
16:53:28  12206.35      0.00
16:53:29  12207.27      0.00
16:53:30  12207.37      0.00
16:53:31  12207.52      0.00
16:53:32  12206.72      0.00
16:53:33  12207.53      0.00
16:53:34  12206.49      0.00
16:53:35  12206.46      0.00
16:53:36  12208.41      0.00
16:53:37  12206.75      0.00
16:53:38  12206.02      0.00
16:53:39  12207.86      0.00
16:53:40  12206.60      0.00
16:53:41  12206.81      0.00
16:53:42  12207.32      0.00
16:53:43  12206.36      0.00
16:53:44  12208.46      0.00
16:53:45  12205.81      0.00
16:53:46  12208.26      0.00
16:53:47  12206.92      0.00
16:53:48  12207.25      0.00
16:53:49  12205.50      0.00
16:53:50  12208.37      0.00
16:53:51  12206.62      0.00
16:53:52  12207.58      0.00
16:53:53  12206.78      0.00
16:53:54  12207.35      0.00
16:53:55  12205.88      0.00
16:53:56  12206.92      0.00
16:53:57  12208.34      0.00
16:53:58  12206.44      0.00
16:53:59  12207.09      0.00
16:54:00  12207.44      0.00
16:54:01  12206.54      0.00
16:54:02  12207.47      0.00
16:54:03  12207.30      0.00
16:54:04  12206.36      0.00
16:54:05  12207.20      0.00
16:54:06  12207.50      0.00
16:54:07  12205.78      0.00
16:54:08  12207.51      0.00
16:54:09  12206.57      0.00
16:54:10  12207.12      0.00
16:54:11  12207.62      0.00
16:54:12  12206.87      0.00
16:54:13  12207.21      0.00
16:54:14  12207.06      0.00
16:54:15  12207.20      0.00
16:54:16  11422.13      0.42
