  Time           eno3       
HH:MM:SS   KB/s in  KB/s out
16:54:20  122063.6      0.00
16:54:21  122079.1      0.00
16:54:22  122076.0      0.00
16:54:23  122067.3      0.00
16:54:24  122075.7      0.00
16:54:25  122061.7      0.00
16:54:26  122077.8      0.00
16:54:27  122071.6      0.00
16:54:28  122064.8      0.00
16:54:29  122072.0      0.00
16:54:30  121949.3      0.00
16:54:31  120471.2      0.00
16:54:32  123783.9      0.00
16:54:33  122078.2      0.00
16:54:34  122072.5      0.00
16:54:35  122063.1      0.00
16:54:36  122024.5      0.00
16:54:37  122119.8      0.00
16:54:38  122067.1      0.00
16:54:39  122060.3      0.00
16:54:40  122084.1      0.00
16:54:41  122073.0      0.00
16:54:42  121981.9      0.00
16:54:43  122158.0      0.00
16:54:44  122070.9      0.00
16:54:45  122070.1      0.00
16:54:46  122070.7      0.00
16:54:47  122063.7      0.00
16:54:48  121963.0      0.00
16:54:49  122171.0      0.00
16:54:50  122078.2      0.00
16:54:51  122075.4      0.00
16:54:52  122064.9      0.00
16:54:53  122066.7      0.00
16:54:54  122079.4      0.00
16:54:55  122070.3      0.00
16:54:56  122067.9      0.00
16:54:57  122068.2      0.00
16:54:58  122027.8      0.00
16:54:59  120795.6      0.00
16:55:00  123392.3      0.00
16:55:01  121434.9      0.00
16:55:02  122703.5      0.00
16:55:03  121875.4      0.00
16:55:04  121622.6      0.00
16:55:05  120573.0      0.00
16:55:06  124210.3      0.00
16:55:07  122070.2      0.00
16:55:08  122071.6      0.00
16:55:09  121976.4      0.00
16:55:10  122161.7      0.00
16:55:11  122074.0      0.00
16:55:12  122067.9      0.00
16:55:13  120934.0      0.00
16:55:14  122668.1      0.00
16:55:15  122609.4      0.00
16:55:16  119301.1      0.00
16:55:17  124779.3      0.00
16:55:18  122127.8      0.00
16:55:19  122075.6      0.00
16:55:20  122061.5      0.00
16:55:21  122073.2      0.00
16:55:22  122076.4      0.00
16:55:23  122062.2      0.00
16:55:24  122069.7      0.00
16:55:25  122077.7      0.00
16:55:26  122070.3      0.00
16:55:27  122071.0      0.00
16:55:28  122060.7      0.00
16:55:29  122080.2      0.00
16:55:30  122066.5      0.00
16:55:31  122068.1      0.00
16:55:32  122071.6      0.00
16:55:33  122069.5      0.00
16:55:34  122073.7      0.00
16:55:35  122072.4      0.00
16:55:36  122068.4      0.00
16:55:37  122025.4      0.00
16:55:38  122038.2      0.00
16:55:39  122144.9      0.00
16:55:40  122012.2      0.00
16:55:41  122126.0      0.00
16:55:42  122070.9      0.00
16:55:43  122066.5      0.00
16:55:44  122076.7      0.00
16:55:45  122070.2      0.00
16:55:46  122068.9      0.00
16:55:47  122075.4      0.00
16:55:48  122067.3      0.00
16:55:49  122070.9      0.00
16:55:50  122068.4      0.00
16:55:51  122069.5      0.00
16:55:52  122071.4      0.00
16:55:53  122070.1      0.00
16:55:54  122073.0      0.00
16:55:55  122068.3      0.00
16:55:56  122073.6      0.00
16:55:57  122066.5      0.00
16:55:58  120766.4      0.00
16:55:59  123144.5      0.00
16:56:00  122220.2      0.00
16:56:01  122153.8      0.00
16:56:02  121990.8      0.00
16:56:03  122122.4      0.00
16:56:04  122044.8      0.00
16:56:05  122110.3      0.00
16:56:06  121921.4      0.00
16:56:07  122146.7      0.00
16:56:08  122148.8      0.00
16:56:09  121852.8      0.00
16:56:10  122227.0      0.00
16:56:11  121923.1      0.00
16:56:12  122285.4      0.00
16:56:13  122064.0      0.00
16:56:14  120970.0      0.00
16:56:15  123176.8      0.00
16:56:16  122066.6      0.00
16:56:17  122073.4      0.00
16:56:18  121495.8      0.00
16:56:19  117227.8      0.00
16:56:20  116570.9      0.00
16:56:21  125173.2      0.00
16:56:22  115229.9      0.00
16:56:23  114724.7      0.00
16:56:24  118802.0      0.00
16:56:25  124012.8      0.00
16:56:26  119553.6      0.00
16:56:27  125833.7      0.00
16:56:28  122076.2      0.00
16:56:29  121330.0      0.00
16:56:30  121472.7      0.00
16:56:31  122141.3      0.00
16:56:32  123341.7      0.00
16:56:33  122071.6      0.00
16:56:34  122067.5      0.00
16:56:35  122072.9      0.00
16:56:36  122069.1      0.00
16:56:37  122065.7      0.00
16:56:38  122070.4      0.00
16:56:39  121906.3      0.00
16:56:40  122241.6      0.00
16:56:41  122068.6      0.00
16:56:42  122068.5      0.00
16:56:43  122069.5      0.00
16:56:44  122070.2      0.00
16:56:45  122067.2      0.00
16:56:46  122077.4      0.00
16:56:47  122055.6      0.00
16:56:48  122080.7      0.00
16:56:49  122074.1      0.00
16:56:50  122065.1      0.00
16:56:51  122074.0      0.00
16:56:52  122073.6      0.00
16:56:53  122063.7      0.00
16:56:54  122075.5      0.00
16:56:55  122068.6      0.00
16:56:56  122070.1      0.00
16:56:57  122072.1      0.00
16:56:58  122046.7      0.00
16:56:59  122090.4      0.00
16:57:00  118265.6      0.00
16:57:01  125855.2      0.00
16:57:02  122091.0      0.00
16:57:03  122073.6      0.00
16:57:04  121985.1      0.00
16:57:05  122144.6      0.00
16:57:06  122073.3      0.00
16:57:07  122079.2      0.00
16:57:08  122070.1      0.00
16:57:09  122067.7      0.00
16:57:10  122069.5      0.00
16:57:11  122065.9      0.00
16:57:12  121986.2      0.00
16:57:13  122152.6      0.00
16:57:14  121927.7      0.00
16:57:15  122091.2      0.00
16:57:16  121558.8      0.00
16:57:17  122471.4      0.00
16:57:18  122310.3      0.00
16:57:19  122072.2      0.00
16:57:20  122065.7      0.00
16:57:21  122065.9      0.00
16:57:22  117947.1      0.00
16:57:23  125473.8      0.00
16:57:24  121870.1      0.00
16:57:25  122829.3      0.00
16:57:26  122152.6      0.00
16:57:27  121321.5      0.00
16:57:28  120873.2      0.00
16:57:29  122069.9      0.00
16:57:30  122072.2      0.00
16:57:31  122062.6      0.00
16:57:32  122078.1      0.00
16:57:33  122069.1      0.00
16:57:34  122072.0      0.00
16:57:35  122066.4      0.00
16:57:36  122072.4      0.00
16:57:37  122067.0      0.00
16:57:38  122074.9      0.00
16:57:39  122071.0      0.00
16:57:40  122054.8      0.00
16:57:41  122083.5      0.00
16:57:42  122072.1      0.00
16:57:43  122066.6      0.00
16:57:44  122070.2      0.00
16:57:45  122069.1      0.00
16:57:46  122065.7      0.00
16:57:47  121532.4      0.00
16:57:48  122614.6      0.00
16:57:49  122074.9      0.00
16:57:50  121980.1      0.00
16:57:51  122154.3      0.00
16:57:52  122073.9      0.00
16:57:53  121095.1      0.00
16:57:54  123043.9      0.00
16:57:55  122075.4      0.00
16:57:56  122068.3      0.00
16:57:57  122065.8      0.00
16:57:58  122067.9      0.00
16:57:59  119856.6      0.00
16:58:00  124291.1      0.00
16:58:01  122047.5      0.00
16:58:02  122074.5      0.00
16:58:03  121691.3      0.00
16:58:04  122460.8      0.00
16:58:05  121806.3      0.00
16:58:06  122335.8      0.00
16:58:07  122077.6      0.00
16:58:08  120733.1      0.00
16:58:09  106316.7      0.00
16:58:10  134145.7      0.00
16:58:11  124175.4      0.00
16:58:12  122074.3      0.00
16:58:13  122346.0      0.00
16:58:14  122113.7      0.00
16:58:15  122054.8      0.00
16:58:16  121949.2      0.00
16:58:17  122151.6      0.00
16:58:18  122126.3      0.00
16:58:19  122073.5      0.00
16:58:20  122064.5      0.00
16:58:21  122074.9      0.00
16:58:22  122070.8      0.00
16:58:23  121724.7      0.00
16:58:24  119944.5      0.00
16:58:25  118850.7      0.00
16:58:26  118678.7      0.00
16:58:27  119755.8      0.00
16:58:28  119689.0      0.00
16:58:29  121711.0      0.00
16:58:30  121381.1      0.00
16:58:31  121342.9      0.00
16:58:32  120732.5      0.00
16:58:33  124429.0      0.00
16:58:34  124727.6      0.00
16:58:35  122199.1      0.00
16:58:36  122135.1      0.00
16:58:37  121920.2      0.00
16:58:38  121063.1      0.00
16:58:39  123226.7      0.00
16:58:40  122052.2      0.00
16:58:41  120967.0      0.00
16:58:42  120088.0      0.00
16:58:43  125173.2      0.00
16:58:44  121075.4      0.00
16:58:45  123064.5      0.00
16:58:46  116974.6      0.00
16:58:47  126088.0      0.00
16:58:48  123143.3      0.00
16:58:49  122073.2      0.00
16:58:50  121980.8      0.00
16:58:51  82556.49      0.00
16:58:52  28448.77      0.00
16:58:53  70185.09      0.00
16:58:54  132808.1      0.00
16:58:55  157918.5      0.00
16:58:56  110844.0      0.00
16:58:57  104315.1      0.00
16:58:58  112953.4      0.00
16:58:59  107511.8      0.00
16:59:00  120368.8      0.00
16:59:01  134706.1      0.00
